Determining if the pthread_create exist failed with the following output:
Change Dir: /home/xpecttrum/catkin_ws/src/fsr_backpack/build-fsr_backpack_arm_node-Desktop-Default/CMakeFiles/CMakeTmp

Run Build Command:/usr/bin/make "cmTryCompileExec3158300294/fast"
/usr/bin/make -f CMakeFiles/cmTryCompileExec3158300294.dir/build.make CMakeFiles/cmTryCompileExec3158300294.dir/build
make[1]: Entering directory `/home/xpecttrum/catkin_ws/src/fsr_backpack/build-fsr_backpack_arm_node-Desktop-Default/CMakeFiles/CMakeTmp'
/usr/bin/cmake -E cmake_progress_report /home/xpecttrum/catkin_ws/src/fsr_backpack/build-fsr_backpack_arm_node-Desktop-Default/CMakeFiles/CMakeTmp/CMakeFiles 1
Building C object CMakeFiles/cmTryCompileExec3158300294.dir/CheckSymbolExists.c.o
/usr/bin/cc    -o CMakeFiles/cmTryCompileExec3158300294.dir/CheckSymbolExists.c.o   -c /home/xpecttrum/catkin_ws/src/fsr_backpack/build-fsr_backpack_arm_node-Desktop-Default/CMakeFiles/CMakeTmp/CheckSymbolExists.c
Linking C executable cmTryCompileExec3158300294
/usr/bin/cmake -E cmake_link_script CMakeFiles/cmTryCompileExec3158300294.dir/link.txt --verbose=1
/usr/bin/cc       CMakeFiles/cmTryCompileExec3158300294.dir/CheckSymbolExists.c.o  -o cmTryCompileExec3158300294 -rdynamic 
CMakeFiles/cmTryCompileExec3158300294.dir/CheckSymbolExists.c.o: In function `main':
CheckSymbolExists.c:(.text+0x16): undefined reference to `pthread_create'
collect2: error: ld returned 1 exit status
make[1]: Leaving directory `/home/xpecttrum/catkin_ws/src/fsr_backpack/build-fsr_backpack_arm_node-Desktop-Default/CMakeFiles/CMakeTmp'
make[1]: *** [cmTryCompileExec3158300294] Error 1
make: *** [cmTryCompileExec3158300294/fast] Error 2

File /home/xpecttrum/catkin_ws/src/fsr_backpack/build-fsr_backpack_arm_node-Desktop-Default/CMakeFiles/CMakeTmp/CheckSymbolExists.c:
/* */
#include <pthread.h>

int main(int argc, char** argv)
{
  (void)argv;
#ifndef pthread_create
  return ((int*)(&pthread_create))[argc];
#else
  (void)argc;
  return 0;
#endif
}

Determining if the function pthread_create exists in the pthreads failed with the following output:
Change Dir: /home/xpecttrum/catkin_ws/src/fsr_backpack/build-fsr_backpack_arm_node-Desktop-Default/CMakeFiles/CMakeTmp

Run Build Command:/usr/bin/make "cmTryCompileExec2520913397/fast"
/usr/bin/make -f CMakeFiles/cmTryCompileExec2520913397.dir/build.make CMakeFiles/cmTryCompileExec2520913397.dir/build
make[1]: Entering directory `/home/xpecttrum/catkin_ws/src/fsr_backpack/build-fsr_backpack_arm_node-Desktop-Default/CMakeFiles/CMakeTmp'
/usr/bin/cmake -E cmake_progress_report /home/xpecttrum/catkin_ws/src/fsr_backpack/build-fsr_backpack_arm_node-Desktop-Default/CMakeFiles/CMakeTmp/CMakeFiles 1
Building C object CMakeFiles/cmTryCompileExec2520913397.dir/CheckFunctionExists.c.o
/usr/bin/cc   -DCHECK_FUNCTION_EXISTS=pthread_create   -o CMakeFiles/cmTryCompileExec2520913397.dir/CheckFunctionExists.c.o   -c /usr/share/cmake-2.8/Modules/CheckFunctionExists.c
Linking C executable cmTryCompileExec2520913397
/usr/bin/cmake -E cmake_link_script CMakeFiles/cmTryCompileExec2520913397.dir/link.txt --verbose=1
/usr/bin/cc   -DCHECK_FUNCTION_EXISTS=pthread_create    CMakeFiles/cmTryCompileExec2520913397.dir/CheckFunctionExists.c.o  -o cmTryCompileExec2520913397 -rdynamic -lpthreads 
/usr/bin/ld: cannot find -lpthreads
collect2: error: ld returned 1 exit status
make[1]: Leaving directory `/home/xpecttrum/catkin_ws/src/fsr_backpack/build-fsr_backpack_arm_node-Desktop-Default/CMakeFiles/CMakeTmp'
make[1]: *** [cmTryCompileExec2520913397] Error 1
make: *** [cmTryCompileExec2520913397/fast] Error 2


